#
# There is insufficient memory for the Java Runtime Environment to continue.
# Native memory allocation (malloc) failed to allocate 925456 bytes for Chunk::new
# Possible reasons:
#   The system is out of physical RAM or swap space
#   In 32 bit mode, the process size limit was hit
# Possible solutions:
#   Reduce memory load on the system
#   Increase physical memory or swap space
#   Check if swap backing store is full
#   Use 64 bit Java on a 64 bit OS
#   Decrease Java heap size (-Xmx/-Xms)
#   Decrease number of Java threads
#   Decrease Java thread stack sizes (-Xss)
#   Set larger code cache with -XX:ReservedCodeCacheSize=
# This output file may be truncated or incomplete.
#
#  Out of Memory Error (allocation.cpp:390), pid=22728, tid=0x0000000000003228
#
# JRE version: Java(TM) SE Runtime Environment (8.0_144-b01) (build 1.8.0_144-b01)
# Java VM: Java HotSpot(TM) 64-Bit Server VM (25.144-b01 mixed mode windows-amd64 compressed oops)
# Failed to write core dump. Minidumps are not enabled by default on client versions of Windows
#

---------------  T H R E A D  ---------------

Current thread (0x000000001a3a8800):  JavaThread "C2 CompilerThread2" daemon [_thread_in_native, id=12840, stack(0x000000001ace0000,0x000000001ade0000)]

Stack: [0x000000001ace0000,0x000000001ade0000]
[error occurred during error reporting (printing stack bounds), id 0xc0000005]

Native frames: (J=compiled Java code, j=interpreted, Vv=VM code, C=native code)


Current CompileTask:
C2:   1178 1776       4       java.net.URLClassLoader$1::run (5 bytes)


---------------  P R O C E S S  ---------------

Java Threads: ( => current thread )
  0x000000001a44b000 JavaThread "Service Thread" daemon [_thread_blocked, id=10228, stack(0x000000001aee0000,0x000000001afe0000)]
  0x000000001a3ad000 JavaThread "C1 CompilerThread3" daemon [_thread_in_native, id=21772, stack(0x000000001ade0000,0x000000001aee0000)]
=>0x000000001a3a8800 JavaThread "C2 CompilerThread2" daemon [_thread_in_native, id=12840, stack(0x000000001ace0000,0x000000001ade0000)]
  0x000000001a3a4800 JavaThread "C2 CompilerThread1" daemon [_thread_in_native, id=1996, stack(0x000000001abe0000,0x000000001ace0000)]
  0x000000001a3a2000 JavaThread "C2 CompilerThread0" daemon [_thread_in_native, id=21860, stack(0x000000001aae0000,0x000000001abe0000)]
  0x000000001a39f800 JavaThread "Monitor Ctrl-Break" daemon [_thread_in_native, id=8248, stack(0x000000001a9e0000,0x000000001aae0000)]
  0x000000001a36b000 JavaThread "Attach Listener" daemon [_thread_blocked, id=1404, stack(0x000000001a8e0000,0x000000001a9e0000)]
  0x000000001a317800 JavaThread "Signal Dispatcher" daemon [_thread_blocked, id=11964, stack(0x000000001a7e0000,0x000000001a8e0000)]
  0x000000001a300800 JavaThread "Finalizer" daemon [_thread_blocked, id=15020, stack(0x000000001a6e0000,0x000000001a7e0000)]
  0x000000001840d000 JavaThread "Reference Handler" daemon [_thread_blocked, id=1244, stack(0x000000001a1e0000,0x000000001a2e0000)]
  0x00000000031ed800 JavaThread "main" [_thread_in_native, id=17256, stack(0x0000000003090000,0x0000000003190000)]

Other Threads:
  0x0000000018408800 VMThread [stack: 0x000000001a0e0000,0x000000001a1e0000] [id=20008]
  0x000000001a4a5000 WatcherThread [stack: 0x000000001afe0000,0x000000001b0e0000] [id=21200]

VM state:not at safepoint (normal execution)

VM Mutex/Monitor currently owned by a thread: None

Heap:
 PSYoungGen      total 38400K, used 8517K [0x00000000d5f80000, 0x00000000d8a00000, 0x0000000100000000)
  eden space 33280K, 10% used [0x00000000d5f80000,0x00000000d62d36f8,0x00000000d8000000)
  from space 5120K, 99% used [0x00000000d8000000,0x00000000d84fe030,0x00000000d8500000)
  to   space 5120K, 0% used [0x00000000d8500000,0x00000000d8500000,0x00000000d8a00000)
 ParOldGen       total 87552K, used 4712K [0x0000000081e00000, 0x0000000087380000, 0x00000000d5f80000)
  object space 87552K, 5% used [0x0000000081e00000,0x000000008229a358,0x0000000087380000)
 Metaspace       used 15289K, capacity 15636K, committed 15872K, reserved 1062912K
  class space    used 1881K, capacity 1976K, committed 2048K, reserved 1048576K

Card table byte_map: [0x0000000012860000,0x0000000012c60000] byte_map_base: 0x0000000012451000

Marking Bits: (ParMarkBitMap*) 0x0000000069ead850
 Begin Bits: [0x0000000013710000, 0x0000000015698000)
 End Bits:   [0x0000000015698000, 0x0000000017620000)

Polling page: 0x0000000000be0000

CodeCache: size=245760Kb used=6505Kb max_used=6505Kb free=239254Kb
 bounds [0x00000000034a0000, 0x0000000003b10000, 0x00000000124a0000]
 total_blobs=2280 nmethods=1935 adapters=257
 compilation: enabled

Compilation events (10 events):
Event: 1.171 Thread 0x000000001a3ad000 1927       1       org.apache.maven.model.Parent::getArtifactId (5 bytes)
Event: 1.171 Thread 0x000000001a3ad000 nmethod 1927 0x0000000003af9bd0 code [0x0000000003af9d20, 0x0000000003af9e30]
Event: 1.172 Thread 0x000000001a3ad000 1928       1       org.eclipse.aether.repository.LocalRepository::getBasedir (5 bytes)
Event: 1.172 Thread 0x000000001a3ad000 nmethod 1928 0x0000000003af9e90 code [0x0000000003af9fe0, 0x0000000003afa0f0]
Event: 1.173 Thread 0x000000001a3ad000 1929       1       org.apache.maven.model.Model::getPackaging (5 bytes)
Event: 1.173 Thread 0x000000001a3ad000 nmethod 1929 0x0000000003afa150 code [0x0000000003afa2a0, 0x0000000003afa3b0]
Event: 1.175 Thread 0x000000001a3ad000 1930       1       org.eclipse.aether.DefaultRepositorySystemSession::getConfigProperties (5 bytes)
Event: 1.175 Thread 0x000000001a3ad000 nmethod 1930 0x0000000003afa410 code [0x0000000003afa560, 0x0000000003afa670]
Event: 1.175 Thread 0x000000001a3ad000 1931       3       java.lang.String::<init> (15 bytes)
Event: 1.175 Thread 0x000000001a3ad000 nmethod 1931 0x0000000003afa6d0 code [0x0000000003afa860, 0x0000000003afac48]

GC Heap History (6 events):
Event: 0.451 GC heap before
{Heap before GC invocations=1 (full 0):
 PSYoungGen      total 38400K, used 33280K [0x00000000d5f80000, 0x00000000d8a00000, 0x0000000100000000)
  eden space 33280K, 100% used [0x00000000d5f80000,0x00000000d8000000,0x00000000d8000000)
  from space 5120K, 0% used [0x00000000d8500000,0x00000000d8500000,0x00000000d8a00000)
  to   space 5120K, 0% used [0x00000000d8000000,0x00000000d8000000,0x00000000d8500000)
 ParOldGen       total 87552K, used 0K [0x0000000081e00000, 0x0000000087380000, 0x00000000d5f80000)
  object space 87552K, 0% used [0x0000000081e00000,0x0000000081e00000,0x0000000087380000)
 Metaspace       used 8173K, capacity 8296K, committed 8576K, reserved 1056768K
  class space    used 1026K, capacity 1084K, committed 1152K, reserved 1048576K
Event: 0.458 GC heap after
Heap after GC invocations=1 (full 0):
 PSYoungGen      total 38400K, used 5027K [0x00000000d5f80000, 0x00000000d8a00000, 0x0000000100000000)
  eden space 33280K, 0% used [0x00000000d5f80000,0x00000000d5f80000,0x00000000d8000000)
  from space 5120K, 98% used [0x00000000d8000000,0x00000000d84e8c90,0x00000000d8500000)
  to   space 5120K, 0% used [0x00000000d8500000,0x00000000d8500000,0x00000000d8a00000)
 ParOldGen       total 87552K, used 8K [0x0000000081e00000, 0x0000000087380000, 0x00000000d5f80000)
  object space 87552K, 0% used [0x0000000081e00000,0x0000000081e02000,0x0000000087380000)
 Metaspace       used 8173K, capacity 8296K, committed 8576K, reserved 1056768K
  class space    used 1026K, capacity 1084K, committed 1152K, reserved 1048576K
}
Event: 0.735 GC heap before
{Heap before GC invocations=2 (full 0):
 PSYoungGen      total 38400K, used 38307K [0x00000000d5f80000, 0x00000000d8a00000, 0x0000000100000000)
  eden space 33280K, 100% used [0x00000000d5f80000,0x00000000d8000000,0x00000000d8000000)
  from space 5120K, 98% used [0x00000000d8000000,0x00000000d84e8c90,0x00000000d8500000)
  to   space 5120K, 0% used [0x00000000d8500000,0x00000000d8500000,0x00000000d8a00000)
 ParOldGen       total 87552K, used 8K [0x0000000081e00000, 0x0000000087380000, 0x00000000d5f80000)
  object space 87552K, 0% used [0x0000000081e00000,0x0000000081e02000,0x0000000087380000)
 Metaspace       used 11876K, capacity 12148K, committed 12416K, reserved 1060864K
  class space    used 1497K, capacity 1576K, committed 1664K, reserved 1048576K
Event: 0.742 GC heap after
Heap after GC invocations=2 (full 0):
 PSYoungGen      total 38400K, used 5115K [0x00000000d5f80000, 0x00000000d8a00000, 0x0000000100000000)
  eden space 33280K, 0% used [0x00000000d5f80000,0x00000000d5f80000,0x00000000d8000000)
  from space 5120K, 99% used [0x00000000d8500000,0x00000000d89fec38,0x00000000d8a00000)
  to   space 5120K, 0% used [0x00000000d8000000,0x00000000d8000000,0x00000000d8500000)
 ParOldGen       total 87552K, used 2138K [0x0000000081e00000, 0x0000000087380000, 0x00000000d5f80000)
  object space 87552K, 2% used [0x0000000081e00000,0x0000000082016938,0x0000000087380000)
 Metaspace       used 11876K, capacity 12148K, committed 12416K, reserved 1060864K
  class space    used 1497K, capacity 1576K, committed 1664K, reserved 1048576K
}
Event: 1.143 GC heap before
{Heap before GC invocations=3 (full 0):
 PSYoungGen      total 38400K, used 38395K [0x00000000d5f80000, 0x00000000d8a00000, 0x0000000100000000)
  eden space 33280K, 100% used [0x00000000d5f80000,0x00000000d8000000,0x00000000d8000000)
  from space 5120K, 99% used [0x00000000d8500000,0x00000000d89fec38,0x00000000d8a00000)
  to   space 5120K, 0% used [0x00000000d8000000,0x00000000d8000000,0x00000000d8500000)
 ParOldGen       total 87552K, used 2138K [0x0000000081e00000, 0x0000000087380000, 0x00000000d5f80000)
  object space 87552K, 2% used [0x0000000081e00000,0x0000000082016938,0x0000000087380000)
 Metaspace       used 15175K, capacity 15476K, committed 15872K, reserved 1062912K
  class space    used 1868K, capacity 1944K, committed 2048K, reserved 1048576K
Event: 1.149 GC heap after
Heap after GC invocations=3 (full 0):
 PSYoungGen      total 38400K, used 5112K [0x00000000d5f80000, 0x00000000d8a00000, 0x0000000100000000)
  eden space 33280K, 0% used [0x00000000d5f80000,0x00000000d5f80000,0x00000000d8000000)
  from space 5120K, 99% used [0x00000000d8000000,0x00000000d84fe030,0x00000000d8500000)
  to   space 5120K, 0% used [0x00000000d8500000,0x00000000d8500000,0x00000000d8a00000)
 ParOldGen       total 87552K, used 4712K [0x0000000081e00000, 0x0000000087380000, 0x00000000d5f80000)
  object space 87552K, 5% used [0x0000000081e00000,0x000000008229a358,0x0000000087380000)
 Metaspace       used 15175K, capacity 15476K, committed 15872K, reserved 1062912K
  class space    used 1868K, capacity 1944K, committed 2048K, reserved 1048576K
}

Deoptimization events (10 events):
Event: 0.948 Thread 0x00000000031ed800 Uncommon trap: reason=unstable_if action=reinterpret pc=0x00000000036595d4 method=java.lang.String.replace(CC)Ljava/lang/String; @ 2
Event: 0.961 Thread 0x00000000031ed800 Uncommon trap: reason=class_check action=maybe_recompile pc=0x00000000037cd450 method=java.util.HashMap.putVal(ILjava/lang/Object;Ljava/lang/Object;ZZ)Ljava/lang/Object; @ 203
Event: 0.989 Thread 0x00000000031ed800 Uncommon trap: reason=unstable_if action=reinterpret pc=0x00000000036f9208 method=sun.nio.cs.UTF_8$Decoder.decode([BII[C)I @ 30
Event: 1.009 Thread 0x00000000031ed800 Uncommon trap: reason=unstable_if action=reinterpret pc=0x00000000039eb4e4 method=org.codehaus.plexus.util.xml.pull.MXParser.nextImpl()I @ 1161
Event: 1.017 Thread 0x00000000031ed800 Uncommon trap: reason=unstable_if action=reinterpret pc=0x000000000382197c method=java.util.HashMap.hash(Ljava/lang/Object;)I @ 1
Event: 1.017 Thread 0x00000000031ed800 Uncommon trap: reason=unstable_if action=reinterpret pc=0x00000000037ae468 method=java.util.HashMap.hash(Ljava/lang/Object;)I @ 1
Event: 1.087 Thread 0x00000000031ed800 Uncommon trap: reason=null_check action=make_not_entrant pc=0x0000000003a75b1c method=org.apache.maven.model.io.xpp3.MavenXpp3Reader.checkFieldWithDuplicate(Lorg/codehaus/plexus/util/xml/pull/XmlPullParser;Ljava/lang/String;Ljava/lang/String;Ljava/util/Se
Event: 1.096 Thread 0x00000000031ed800 Uncommon trap: reason=unstable_if action=reinterpret pc=0x0000000003a391e8 method=org.codehaus.plexus.util.xml.pull.MXParser.nextImpl()I @ 972
Event: 1.098 Thread 0x00000000031ed800 Uncommon trap: reason=unstable_if action=reinterpret pc=0x0000000003a469c4 method=java.lang.String.trim()Ljava/lang/String; @ 63
Event: 1.159 Thread 0x00000000031ed800 Uncommon trap: reason=unstable_if action=reinterpret pc=0x00000000038133c4 method=java.util.HashMap.getNode(ILjava/lang/Object;)Ljava/util/HashMap$Node; @ 53

Internal exceptions (10 events):
Event: 0.373 Thread 0x00000000031ed800 Exception <a 'java/lang/ArrayIndexOutOfBoundsException'> (0x00000000d74c3148) thrown at [C:\re\workspace\8-2-build-windows-amd64-cygwin\jdk8u144\9417\hotspot\src\share\vm\runtime\sharedRuntime.cpp, line 605]
Event: 0.467 Thread 0x00000000031ed800 Exception <a 'java/lang/ArrayIndexOutOfBoundsException': 73> (0x00000000d60db640) thrown at [C:\re\workspace\8-2-build-windows-amd64-cygwin\jdk8u144\9417\hotspot\src\share\vm\interpreter\interpreterRuntime.cpp, line 366]
Event: 0.467 Thread 0x00000000031ed800 Exception <a 'java/lang/ArrayIndexOutOfBoundsException': 131> (0x00000000d60dcfe8) thrown at [C:\re\workspace\8-2-build-windows-amd64-cygwin\jdk8u144\9417\hotspot\src\share\vm\interpreter\interpreterRuntime.cpp, line 366]
Event: 0.812 Thread 0x00000000031ed800 Exception <a 'java/lang/NoClassDefFoundError': com/google/inject/servlet/ServletModuleTargetVisitor> (0x00000000d6631800) thrown at [C:\re\workspace\8-2-build-windows-amd64-cygwin\jdk8u144\9417\hotspot\src\share\vm\classfile\systemDictionary.cpp, line 199
Event: 0.812 Thread 0x00000000031ed800 Exception <a 'java/lang/NoClassDefFoundError'> (0x00000000d6631800) thrown at [C:\re\workspace\8-2-build-windows-amd64-cygwin\jdk8u144\9417\hotspot\src\share\vm\prims\jvm.cpp, line 1394]
Event: 0.812 Thread 0x00000000031ed800 Exception <a 'java/lang/NoClassDefFoundError': javax/annotation/Priority> (0x00000000d66361a0) thrown at [C:\re\workspace\8-2-build-windows-amd64-cygwin\jdk8u144\9417\hotspot\src\share\vm\classfile\systemDictionary.cpp, line 199]
Event: 0.884 Thread 0x00000000031ed800 Implicit null exception at 0x000000000366709b to 0x000000000366724d
Event: 1.017 Thread 0x00000000031ed800 Implicit null exception at 0x0000000003821795 to 0x000000000382196d
Event: 1.017 Thread 0x00000000031ed800 Implicit null exception at 0x00000000037ae3ef to 0x00000000037ae459
Event: 1.087 Thread 0x00000000031ed800 Implicit null exception at 0x0000000003a749a1 to 0x0000000003a75b05

Events (10 events):
Event: 1.160 loading class org/eclipse/aether/util/graph/visitor/Stack
Event: 1.160 loading class org/eclipse/aether/util/graph/visitor/Stack done
Event: 1.160 loading class org/eclipse/aether/util/graph/visitor/TreeDependencyVisitor
Event: 1.160 loading class org/eclipse/aether/util/graph/visitor/TreeDependencyVisitor done
Event: 1.164 loading class org/apache/maven/plugin/DefaultPluginRealmCache$CacheKey
Event: 1.164 loading class org/apache/maven/plugin/DefaultPluginRealmCache$CacheKey done
Event: 1.164 loading class org/apache/maven/plugin/internal/PlexusUtilsInjector
Event: 1.164 loading class org/apache/maven/plugin/internal/PlexusUtilsInjector done
Event: 1.165 loading class org/apache/maven/plugin/internal/WagonExcluder
Event: 1.165 loading class org/apache/maven/plugin/internal/WagonExcluder done


Dynamic libraries:
0x00007ff6e43b0000 - 0x00007ff6e43e7000 	D:\soft\jdk1.8.0_144\bin\java.exe
0x00007ffd1f570000 - 0x00007ffd1f751000 	C:\WINDOWS\SYSTEM32\ntdll.dll
0x00007ffd1e120000 - 0x00007ffd1e1d2000 	C:\WINDOWS\System32\KERNEL32.DLL
0x00007ffd1bdd0000 - 0x00007ffd1c043000 	C:\WINDOWS\System32\KERNELBASE.dll
0x00007ffd1f430000 - 0x00007ffd1f4d1000 	C:\WINDOWS\System32\ADVAPI32.dll
0x00007ffd1e210000 - 0x00007ffd1e2ae000 	C:\WINDOWS\System32\msvcrt.dll
0x00007ffd1e7b0000 - 0x00007ffd1e80b000 	C:\WINDOWS\System32\sechost.dll
0x00007ffd1dff0000 - 0x00007ffd1e114000 	C:\WINDOWS\System32\RPCRT4.dll
0x00007ffd1e810000 - 0x00007ffd1e9a0000 	C:\WINDOWS\System32\USER32.dll
0x00007ffd1c050000 - 0x00007ffd1c070000 	C:\WINDOWS\System32\win32u.dll
0x00007ffd1e1e0000 - 0x00007ffd1e208000 	C:\WINDOWS\System32\GDI32.dll
0x00007ffd1c800000 - 0x00007ffd1c992000 	C:\WINDOWS\System32\gdi32full.dll
0x00007ffd1ba90000 - 0x00007ffd1bb2f000 	C:\WINDOWS\System32\msvcp_win.dll
0x00007ffd1b940000 - 0x00007ffd1ba3a000 	C:\WINDOWS\System32\ucrtbase.dll
0x00007ffd0f460000 - 0x00007ffd0f6c9000 	C:\WINDOWS\WinSxS\amd64_microsoft.windows.common-controls_6595b64144ccf1df_6.0.17134.345_none_fb429a5930656358\COMCTL32.dll
0x00007ffd1ee20000 - 0x00007ffd1f143000 	C:\WINDOWS\System32\combase.dll
0x00007ffd1c780000 - 0x00007ffd1c7fa000 	C:\WINDOWS\System32\bcryptPrimitives.dll
0x00007ffd1e530000 - 0x00007ffd1e55d000 	C:\WINDOWS\System32\IMM32.DLL
0x0000000069f30000 - 0x000000006a002000 	D:\soft\jdk1.8.0_144\jre\bin\msvcr100.dll
0x0000000069690000 - 0x0000000069f2d000 	D:\soft\jdk1.8.0_144\jre\bin\server\jvm.dll
0x00007ffd1e9c0000 - 0x00007ffd1e9c8000 	C:\WINDOWS\System32\PSAPI.DLL
0x00007ffd17660000 - 0x00007ffd17683000 	C:\WINDOWS\SYSTEM32\WINMM.dll
0x00007ffd17520000 - 0x00007ffd17529000 	C:\WINDOWS\SYSTEM32\WSOCK32.dll
0x00007ffd13060000 - 0x00007ffd1306a000 	C:\WINDOWS\SYSTEM32\VERSION.dll
0x00007ffd1e360000 - 0x00007ffd1e3cc000 	C:\WINDOWS\System32\WS2_32.dll
0x00007ffd17610000 - 0x00007ffd1763a000 	C:\WINDOWS\SYSTEM32\winmmbase.dll
0x00007ffd1ba40000 - 0x00007ffd1ba89000 	C:\WINDOWS\System32\cfgmgr32.dll
0x0000000069680000 - 0x000000006968f000 	D:\soft\jdk1.8.0_144\jre\bin\verify.dll
0x0000000069650000 - 0x0000000069679000 	D:\soft\jdk1.8.0_144\jre\bin\java.dll
0x0000000069580000 - 0x00000000695a3000 	D:\soft\jdk1.8.0_144\jre\bin\instrument.dll
0x0000000069600000 - 0x0000000069616000 	D:\soft\jdk1.8.0_144\jre\bin\zip.dll
0x00007ffd1ca00000 - 0x00007ffd1de3f000 	C:\WINDOWS\System32\SHELL32.dll
0x00007ffd1e2b0000 - 0x00007ffd1e359000 	C:\WINDOWS\System32\shcore.dll
0x00007ffd1c070000 - 0x00007ffd1c77d000 	C:\WINDOWS\System32\windows.storage.dll
0x00007ffd1e430000 - 0x00007ffd1e481000 	C:\WINDOWS\System32\shlwapi.dll
0x00007ffd1b900000 - 0x00007ffd1b911000 	C:\WINDOWS\System32\kernel.appcore.dll
0x00007ffd1b920000 - 0x00007ffd1b93f000 	C:\WINDOWS\System32\profapi.dll
0x00007ffd1b880000 - 0x00007ffd1b8cc000 	C:\WINDOWS\System32\powrprof.dll
0x00007ffd1b8d0000 - 0x00007ffd1b8da000 	C:\WINDOWS\System32\FLTLIB.DLL
0x00007ffd12040000 - 0x00007ffd1205a000 	D:\soft\IntelliJ IDEA 2018.2.1\bin\breakgen64.dll
0x00000000695d0000 - 0x00000000695ea000 	D:\soft\jdk1.8.0_144\jre\bin\net.dll
0x00007ffd1b0e0000 - 0x00007ffd1b146000 	C:\WINDOWS\system32\mswsock.dll
0x00000000695b0000 - 0x00000000695c1000 	D:\soft\jdk1.8.0_144\jre\bin\nio.dll

VM Arguments:
jvm_args: -Dmaven.multiModuleProjectDirectory=E:\zookeeper -Dmaven.home=D:\soft\apache-maven-3.3.9 -Dclassworlds.conf=D:\soft\apache-maven-3.3.9\bin\m2.conf -javaagent:D:\soft\IntelliJ IDEA 2018.2.1\lib\idea_rt.jar=54135:D:\soft\IntelliJ IDEA 2018.2.1\bin -Dfile.encoding=UTF-8 
java_command: org.codehaus.classworlds.Launcher -Didea.version=2018.2.1 -s D:\soft\apache-maven-3.3.9\conf\settings.xml -Dmaven.repo.local=E:\software\mvn_repo install -P !jdk17
java_class_path (initial): D:\soft\apache-maven-3.3.9\boot\plexus-classworlds-2.5.2.jar;D:\soft\IntelliJ IDEA 2018.2.1\lib\idea_rt.jar
Launcher Type: SUN_STANDARD

Environment Variables:
JAVA_HOME=D:\soft\jdk1.7.0_15
PATH=C:\ProgramData\Oracle\Java\javapath;C:\Program Files (x86)\Intel\Intel(R) Management Engine Components\iCLS\;C:\Program Files\Intel\Intel(R) Management Engine Components\iCLS\;C:\Windows\system32;C:\Windows;C:\Windows\System32\Wbem;C:\Windows\System32\WindowsPowerShell\v1.0\;C:\Program Files (x86)\Intel\Intel(R) Management Engine Components\DAL;C:\Program Files\Intel\Intel(R) Management Engine Components\DAL;C:\Program Files (x86)\Intel\Intel(R) Management Engine Components\IPT;C:\Program Files\Intel\Intel(R) Management Engine Components\IPT;C:\Program Files (x86)\NVIDIA Corporation\PhysX\Common;D:\soft\jdk1.7.0_15\bin;D:\soft\Mysql\mysql5.5\bin;D:\soft\apache-maven-3.3.9\bin;C:\WINDOWS\system32;C:\WINDOWS;C:\WINDOWS\System32\Wbem;C:\WINDOWS\System32\WindowsPowerShell\v1.0\;C:\WINDOWS\System32\OpenSSH\;D:\soft\Git\cmd;C:\Users\pyang\AppData\Local\Microsoft\WindowsApps;;D:\soft\SSH
USERNAME=pyang
OS=Windows_NT
PROCESSOR_IDENTIFIER=Intel64 Family 6 Model 158 Stepping 10, GenuineIntel



---------------  S Y S T E M  ---------------

OS: Windows 10.0 , 64 bit Build 17134 (10.0.17134.1)

CPU:total 8 (initial active 8) (4 cores per cpu, 2 threads per core) family 6 model 158 stepping 10, cmov, cx8, fxsr, mmx, sse, sse2, sse3, ssse3, sse4.1, sse4.2, popcnt, avx, avx2, aes, clmul, erms, 3dnowpref, lzcnt, ht, tsc, tscinvbit, bmi1, bmi2, adx

Memory: 4k page, physical 8259892k(477576k free), swap 16124208k(5464k free)

vm_info: Java HotSpot(TM) 64-Bit Server VM (25.144-b01) for windows-amd64 JRE (1.8.0_144-b01), built on Jul 21 2017 21:57:33 by "java_re" with MS VC++ 10.0 (VS2010)

time: Wed Nov 14 16:00:21 2018
elapsed time: 1 seconds (0d 0h 0m 1s)

